[0603/131143.692:ERROR:minidumpwritedump_with_crashpad_info.cc(435)] Failed to call MiniDumpWriteDump: Only part of a ReadProcessMemory or WriteProcessMemory request was completed. (0x8007012B)
[0603/131143.718:ERROR:minidumpwritedump_with_crashpad_info.cc(592)] Failed to write minidump file
[0603/131143.718:ERROR:crash_report_exception_handler.cc(132)] TryMiniDumpWriteDumpWithCrashpadInfo failed
[0603/131143.950:ERROR:process_memory_win.cc(73)] ReadMemory at 0x252dd204ff0 of 72 bytes failed: Only part of a ReadProcessMemory or WriteProcessMemory request was completed. (0x12B)
[0603/131143.950:WARNING:pe_image_annotations_reader.cc(134)] could not read annotations list object in C:\Program Files (x86)\Microsoft\Edge\Application\83.0.478.37\msedge_elf.dll
[0603/131143.951:ERROR:process_memory_win.cc(73)] ReadMemory at 0x252dd916870 of 72 bytes failed: Only part of a ReadProcessMemory or WriteProcessMemory request was completed. (0x12B)
[0603/131143.951:WARNING:pe_image_annotations_reader.cc(134)] could not read annotations list object in C:\Program Files (x86)\Microsoft\Edge\Application\83.0.478.37\msedge.dll
[0603/131146.244:ERROR:process_memory_win.cc(73)] ReadMemory at 0x7ff6f4a70000 of 64 bytes failed: Only part of a ReadProcessMemory or WriteProcessMemory request was completed. (0x12B)
[0603/131146.244:WARNING:pe_image_reader.cc(340)] could not read dos header from C:\Program Files (x86)\Microsoft\Edge\Application\msedge.exe
[0603/131146.244:ERROR:process_memory_win.cc(73)] ReadMemory at 0x7fffed2d0000 of 64 bytes failed: Only part of a ReadProcessMemory or WriteProcessMemory request was completed. (0x12B)
[0603/131146.244:WARNING:pe_image_reader.cc(340)] could not read dos header from C:\WINDOWS\SYSTEM32\ntdll.dll
[0603/131146.244:ERROR:process_memory_win.cc(73)] ReadMemory at 0x7fffed020000 of 64 bytes failed: Only part of a ReadProcessMemory or WriteProcessMemory request was completed. (0x12B)
[0603/131146.244:WARNING:pe_image_reader.cc(340)] could not read dos header from C:\WINDOWS\System32\KERNEL32.DLL
[0603/131146.244:ERROR:process_memory_win.cc(73)] ReadMemory at 0x7fffead70000 of 64 bytes failed: Only part of a ReadProcessMemory or WriteProcessMemory request was completed. (0x12B)
[0603/131146.244:WARNING:pe_image_reader.cc(340)] could not read dos header from C:\WINDOWS\System32\KERNELBASE.dll
[0603/131146.244:ERROR:process_memory_win.cc(73)] ReadMemory at 0x7fffb3a00000 of 64 bytes failed: Only part of a ReadProcessMemory or WriteProcessMemory request was completed. (0x12B)
[0603/131146.244:WARNING:pe_image_reader.cc(340)] could not read dos header from C:\Program Files (x86)\Microsoft\Edge\Application\83.0.478.37\msedge_elf.dll
[0603/131146.244:ERROR:process_memory_win.cc(73)] ReadMemory at 0x7fffebb10000 of 64 bytes failed: Only part of a ReadProcessMemory or WriteProcessMemory request was completed. (0x12B)
[0603/131146.244:WARNING:pe_image_reader.cc(340)] could not read dos header from C:\WINDOWS\System32\ADVAPI32.dll
[0603/131146.244:ERROR:process_memory_win.cc(73)] ReadMemory at 0x7fffecad0000 of 64 bytes failed: Only part of a ReadProcessMemory or WriteProcessMemory request was completed. (0x12B)
[0603/131146.244:WARNING:pe_image_reader.cc(340)] could not read dos header from C:\WINDOWS\System32\msvcrt.dll
[0603/131146.244:ERROR:process_memory_win.cc(73)] ReadMemory at 0x7fffeb9a0000 of 64 bytes failed: Only part of a ReadProcessMemory or WriteProcessMemory request was completed. (0x12B)
[0603/131146.244:WARNING:pe_image_reader.cc(340)] could not read dos header from C:\WINDOWS\System32\sechost.dll
[0603/131146.244:ERROR:process_memory_win.cc(73)] ReadMemory at 0x7fffeb870000 of 64 bytes failed: Only part of a ReadProcessMemory or WriteProcessMemory request was completed. (0x12B)
[0603/131146.244:WARNING:pe_image_reader.cc(340)] could not read dos header from C:\WINDOWS\System32\RPCRT4.dll
[0603/131146.244:ERROR:process_memory_win.cc(73)] ReadMemory at 0x7fff992a0000 of 64 bytes failed: Only part of a ReadProcessMemory or WriteProcessMemory request was completed. (0x12B)
[0603/131146.244:WARNING:pe_image_reader.cc(340)] could not read dos header from C:\Program Files (x86)\Microsoft\Edge\Application\83.0.478.37\msedge.dll
[0603/131146.244:ERROR:process_memory_win.cc(73)] ReadMemory at 0x7fffebf80000 of 64 bytes failed: Only part of a ReadProcessMemory or WriteProcessMemory request was completed. (0x12B)
[0603/131146.244:WARNING:pe_image_reader.cc(340)] could not read dos header from C:\WINDOWS\System32\WS2_32.dll
[0603/131146.244:ERROR:process_memory_win.cc(73)] ReadMemory at 0x7fffec920000 of 64 bytes failed: Only part of a ReadProcessMemory or WriteProcessMemory request was completed. (0x12B)
[0603/131146.244:WARNING:pe_image_reader.cc(340)] could not read dos header from C:\WINDOWS\System32\OLEAUT32.dll
[0603/131146.245:ERROR:process_memory_win.cc(73)] ReadMemory at 0x7fffeb140000 of 64 bytes failed: Only part of a ReadProcessMemory or WriteProcessMemory request was completed. (0x12B)
[0603/131146.245:WARNING:pe_image_reader.cc(340)] could not read dos header from C:\WINDOWS\System32\msvcp_win.dll
[0603/131146.245:ERROR:process_memory_win.cc(73)] ReadMemory at 0x7fffeb040000 of 64 bytes failed: Only part of a ReadProcessMemory or WriteProcessMemory request was completed. (0x12B)
[0603/131146.245:WARNING:pe_image_reader.cc(340)] could not read dos header from C:\WINDOWS\System32\ucrtbase.dll
[0603/131146.245:ERROR:process_memory_win.cc(73)] ReadMemory at 0x7fffecc30000 of 64 bytes failed: Only part of a ReadProcessMemory or WriteProcessMemory request was completed. (0x12B)
[0603/131146.245:WARNING:pe_image_reader.cc(340)] could not read dos header from C:\WINDOWS\System32\combase.dll
[0603/131146.245:ERROR:process_memory_win.cc(73)] ReadMemory at 0x7fffeaa50000 of 64 bytes failed: Only part of a ReadProcessMemory or WriteProcessMemory request was completed. (0x12B)
[0603/131146.245:WARNING:pe_image_reader.cc(340)] could not read dos header from C:\WINDOWS\System32\WINTRUST.dll
[0603/131146.245:ERROR:process_memory_win.cc(73)] ReadMemory at 0x7fffeac10000 of 64 bytes failed: Only part of a ReadProcessMemory or WriteProcessMemory request was completed. (0x12B)
[0603/131146.245:WARNING:pe_image_reader.cc(340)] could not read dos header from C:\WINDOWS\System32\CRYPT32.dll
[0603/131146.245:ERROR:process_memory_win.cc(73)] ReadMemory at 0x7fffe9e00000 of 64 bytes failed: Only part of a ReadProcessMemory or WriteProcessMemory request was completed. (0x12B)
[0603/131146.245:WARNING:pe_image_reader.cc(340)] could not read dos header from C:\WINDOWS\SYSTEM32\IPHLPAPI.DLL
[0603/131146.245:ERROR:process_memory_win.cc(73)] ReadMemory at 0x7fffdcaf0000 of 64 bytes failed: Only part of a ReadProcessMemory or WriteProcessMemory request was completed. (0x12B)
[0603/131146.245:WARNING:pe_image_reader.cc(340)] could not read dos header from C:\WINDOWS\SYSTEM32\WINMM.dll
[0603/131146.245:ERROR:process_memory_win.cc(73)] ReadMemory at 0x7fffd4a00000 of 64 bytes failed: Only part of a ReadProcessMemory or WriteProcessMemory request was completed. (0x12B)
[0603/131146.245:WARNING:pe_image_reader.cc(340)] could not read dos header from C:\WINDOWS\SYSTEM32\Secur32.dll
[0603/131146.245:ERROR:process_memory_win.cc(73)] ReadMemory at 0x7fffea8e0000 of 64 bytes failed: Only part of a ReadProcessMemory or WriteProcessMemory request was completed. (0x12B)
[0603/131146.245:WARNING:pe_image_reader.cc(340)] could not read dos header from C:\WINDOWS\SYSTEM32\USERENV.dll
[0603/131146.245:ERROR:process_memory_win.cc(73)] ReadMemory at 0x7fffc2680000 of 64 bytes failed: Only part of a ReadProcessMemory or WriteProcessMemory request was completed. (0x12B)
[0603/131146.245:WARNING:pe_image_reader.cc(340)] could not read dos header from C:\WINDOWS\SYSTEM32\UIAutomationCore.DLL
[0603/131146.245:ERROR:process_memory_win.cc(73)] ReadMemory at 0x7fffe17d0000 of 64 bytes failed: Only part of a ReadProcessMemory or WriteProcessMemory request was completed. (0x12B)
[0603/131146.245:WARNING:pe_image_reader.cc(340)] could not read dos header from C:\WINDOWS\SYSTEM32\WINHTTP.dll
[0603/131146.245:ERROR:process_memory_win.cc(73)] ReadMemory at 0x7fffd1e20000 of 64 bytes failed: Only part of a ReadProcessMemory or WriteProcessMemory request was completed. (0x12B)
[0603/131146.245:WARNING:pe_image_reader.cc(340)] could not read dos header from C:\WINDOWS\SYSTEM32\DWrite.dll
[0603/131146.245:ERROR:process_memory_win.cc(73)] ReadMemory at 0x7fffdccc0000 of 64 bytes failed: Only part of a ReadProcessMemory or WriteProcessMemory request was completed. (0x12B)
[0603/131146.245:WARNING:pe_image_reader.cc(340)] could not read dos header from C:\WINDOWS\SYSTEM32\WINSPOOL.DRV
[0603/131146.245:ERROR:process_memory_win.cc(73)] ReadMemory at 0x7fffd4a30000 of 64 bytes failed: Only part of a ReadProcessMemory or WriteProcessMemory request was completed. (0x12B)
[0603/131146.245:WARNING:pe_image_reader.cc(340)] could not read dos header from C:\WINDOWS\SYSTEM32\dbghelp.dll
[0603/131146.245:ERROR:process_memory_win.cc(73)] ReadMemory at 0x7fffe3d30000 of 64 bytes failed: Only part of a ReadProcessMemory or WriteProcessMemory request was completed. (0x12B)
[0603/131146.245:WARNING:pe_image_reader.cc(340)] could not read dos header from C:\WINDOWS\SYSTEM32\dhcpcsvc.DLL
[0603/131146.245:ERROR:process_memory_win.cc(73)] ReadMemory at 0x7fffe6470000 of 64 bytes failed: Only part of a ReadProcessMemory or WriteProcessMemory request was completed. (0x12B)
[0603/131146.245:WARNING:pe_image_reader.cc(340)] could not read dos header from C:\WINDOWS\SYSTEM32\PROPSYS.dll
[0603/131146.245:ERROR:process_memory_win.cc(73)] ReadMemory at 0x7fffea910000 of 64 bytes failed: Only part of a ReadProcessMemory or WriteProcessMemory request was completed. (0x12B)
[0603/131146.245:WARNING:pe_image_reader.cc(340)] could not read dos header from C:\WINDOWS\SYSTEM32\SSPICLI.DLL
[0603/131146.246:ERROR:process_memory_win.cc(73)] ReadMemory at 0x7fffea5b0000 of 64 bytes failed: Only part of a ReadProcessMemory or WriteProcessMemory request was completed. (0x12B)
[0603/131146.246:WARNING:pe_image_reader.cc(340)] could not read dos header from C:\WINDOWS\System32\MSASN1.dll
[0603/131146.246:ERROR:process_memory_win.cc(73)] ReadMemory at 0x7fffeaab0000 of 64 bytes failed: Only part of a ReadProcessMemory or WriteProcessMemory request was completed. (0x12B)
[0603/131146.246:WARNING:pe_image_reader.cc(340)] could not read dos header from C:\WINDOWS\System32\bcryptPrimitives.dll
[0603/131146.246:ERROR:process_memory_win.cc(73)] ReadMemory at 0x7fffea270000 of 64 bytes failed: Only part of a ReadProcessMemory or WriteProcessMemory request was completed. (0x12B)
[0603/131146.246:WARNING:pe_image_reader.cc(340)] could not read dos header from C:\WINDOWS\SYSTEM32\CRYPTBASE.DLL
[0603/131146.246:ERROR:process_memory_win.cc(73)] ReadMemory at 0x7fffea960000 of 64 bytes failed: Only part of a ReadProcessMemory or WriteProcessMemory request was completed. (0x12B)
[0603/131146.246:WARNING:pe_image_reader.cc(340)] could not read dos header from C:\WINDOWS\System32\profapi.dll
[0603/131146.249:ERROR:process_memory_win.cc(73)] ReadMemory at 0x7ff6f4a70000 of 64 bytes failed: Only part of a ReadProcessMemory or WriteProcessMemory request was completed. (0x12B)
[0603/131146.249:WARNING:pe_image_reader.cc(340)] could not read dos header from C:\Program Files (x86)\Microsoft\Edge\Application\msedge.exe
[0603/131146.249:ERROR:process_memory_win.cc(73)] ReadMemory at 0x7fffed2d0000 of 64 bytes failed: Only part of a ReadProcessMemory or WriteProcessMemory request was completed. (0x12B)
[0603/131146.249:WARNING:pe_image_reader.cc(340)] could not read dos header from C:\WINDOWS\SYSTEM32\ntdll.dll
[0603/131146.250:ERROR:process_memory_win.cc(73)] ReadMemory at 0x7fffed020000 of 64 bytes failed: Only part of a ReadProcessMemory or WriteProcessMemory request was completed. (0x12B)
[0603/131146.250:WARNING:pe_image_reader.cc(340)] could not read dos header from C:\WINDOWS\System32\KERNEL32.DLL
[0603/131146.250:ERROR:process_memory_win.cc(73)] ReadMemory at 0x7fffead70000 of 64 bytes failed: Only part of a ReadProcessMemory or WriteProcessMemory request was completed. (0x12B)
[0603/131146.250:WARNING:pe_image_reader.cc(340)] could not read dos header from C:\WINDOWS\System32\KERNELBASE.dll
[0603/131146.250:ERROR:process_memory_win.cc(73)] ReadMemory at 0x7fffb3a00000 of 64 bytes failed: Only part of a ReadProcessMemory or WriteProcessMemory request was completed. (0x12B)
[0603/131146.250:WARNING:pe_image_reader.cc(340)] could not read dos header from C:\Program Files (x86)\Microsoft\Edge\Application\83.0.478.37\msedge_elf.dll
[0603/131146.250:ERROR:process_memory_win.cc(73)] ReadMemory at 0x7fffebb10000 of 64 bytes failed: Only part of a ReadProcessMemory or WriteProcessMemory request was completed. (0x12B)
[0603/131146.250:WARNING:pe_image_reader.cc(340)] could not read dos header from C:\WINDOWS\System32\ADVAPI32.dll
[0603/131146.250:ERROR:process_memory_win.cc(73)] ReadMemory at 0x7fffecad0000 of 64 bytes failed: Only part of a ReadProcessMemory or WriteProcessMemory request was completed. (0x12B)
[0603/131146.250:WARNING:pe_image_reader.cc(340)] could not read dos header from C:\WINDOWS\System32\msvcrt.dll
[0603/131146.250:ERROR:process_memory_win.cc(73)] ReadMemory at 0x7fffeb9a0000 of 64 bytes failed: Only part of a ReadProcessMemory or WriteProcessMemory request was completed. (0x12B)
[0603/131146.250:WARNING:pe_image_reader.cc(340)] could not read dos header from C:\WINDOWS\System32\sechost.dll
[0603/131146.250:ERROR:process_memory_win.cc(73)] ReadMemory at 0x7fffeb870000 of 64 bytes failed: Only part of a ReadProcessMemory or WriteProcessMemory request was completed. (0x12B)
[0603/131146.250:WARNING:pe_image_reader.cc(340)] could not read dos header from C:\WINDOWS\System32\RPCRT4.dll
[0603/131146.250:ERROR:process_memory_win.cc(73)] ReadMemory at 0x7fff992a0000 of 64 bytes failed: Only part of a ReadProcessMemory or WriteProcessMemory request was completed. (0x12B)
[0603/131146.250:WARNING:pe_image_reader.cc(340)] could not read dos header from C:\Program Files (x86)\Microsoft\Edge\Application\83.0.478.37\msedge.dll
[0603/131146.250:ERROR:process_memory_win.cc(73)] ReadMemory at 0x7fffebf80000 of 64 bytes failed: Only part of a ReadProcessMemory or WriteProcessMemory request was completed. (0x12B)
[0603/131146.250:WARNING:pe_image_reader.cc(340)] could not read dos header from C:\WINDOWS\System32\WS2_32.dll
[0603/131146.250:ERROR:process_memory_win.cc(73)] ReadMemory at 0x7fffec920000 of 64 bytes failed: Only part of a ReadProcessMemory or WriteProcessMemory request was completed. (0x12B)
[0603/131146.250:WARNING:pe_image_reader.cc(340)] could not read dos header from C:\WINDOWS\System32\OLEAUT32.dll
[0603/131146.250:ERROR:process_memory_win.cc(73)] ReadMemory at 0x7fffeb140000 of 64 bytes failed: Only part of a ReadProcessMemory or WriteProcessMemory request was completed. (0x12B)
[0603/131146.250:WARNING:pe_image_reader.cc(340)] could not read dos header from C:\WINDOWS\System32\msvcp_win.dll
[0603/131146.250:ERROR:process_memory_win.cc(73)] ReadMemory at 0x7fffeb040000 of 64 bytes failed: Only part of a ReadProcessMemory or WriteProcessMemory request was completed. (0x12B)
[0603/131146.250:WARNING:pe_image_reader.cc(340)] could not read dos header from C:\WINDOWS\System32\ucrtbase.dll
[0603/131146.250:ERROR:process_memory_win.cc(73)] ReadMemory at 0x7fffecc30000 of 64 bytes failed: Only part of a ReadProcessMemory or WriteProcessMemory request was completed. (0x12B)
[0603/131146.250:WARNING:pe_image_reader.cc(340)] could not read dos header from C:\WINDOWS\System32\combase.dll
[0603/131146.250:ERROR:process_memory_win.cc(73)] ReadMemory at 0x7fffeaa50000 of 64 bytes failed: Only part of a ReadProcessMemory or WriteProcessMemory request was completed. (0x12B)
[0603/131146.250:WARNING:pe_image_reader.cc(340)] could not read dos header from C:\WINDOWS\System32\WINTRUST.dll
[0603/131146.250:ERROR:process_memory_win.cc(73)] ReadMemory at 0x7fffeac10000 of 64 bytes failed: Only part of a ReadProcessMemory or WriteProcessMemory request was completed. (0x12B)
[0603/131146.250:WARNING:pe_image_reader.cc(340)] could not read dos header from C:\WINDOWS\System32\CRYPT32.dll
[0603/131146.250:ERROR:process_memory_win.cc(73)] ReadMemory at 0x7fffe9e00000 of 64 bytes failed: Only part of a ReadProcessMemory or WriteProcessMemory request was completed. (0x12B)
[0603/131146.250:WARNING:pe_image_reader.cc(340)] could not read dos header from C:\WINDOWS\SYSTEM32\IPHLPAPI.DLL
[0603/131146.250:ERROR:process_memory_win.cc(73)] ReadMemory at 0x7fffdcaf0000 of 64 bytes failed: Only part of a ReadProcessMemory or WriteProcessMemory request was completed. (0x12B)
[0603/131146.250:WARNING:pe_image_reader.cc(340)] could not read dos header from C:\WINDOWS\SYSTEM32\WINMM.dll
[0603/131146.250:ERROR:process_memory_win.cc(73)] ReadMemory at 0x7fffd4a00000 of 64 bytes failed: Only part of a ReadProcessMemory or WriteProcessMemory request was completed. (0x12B)
[0603/131146.250:WARNING:pe_image_reader.cc(340)] could not read dos header from C:\WINDOWS\SYSTEM32\Secur32.dll
[0603/131146.250:ERROR:process_memory_win.cc(73)] ReadMemory at 0x7fffea8e0000 of 64 bytes failed: Only part of a ReadProcessMemory or WriteProcessMemory request was completed. (0x12B)
[0603/131146.250:WARNING:pe_image_reader.cc(340)] could not read dos header from C:\WINDOWS\SYSTEM32\USERENV.dll
[0603/131146.251:ERROR:process_memory_win.cc(73)] ReadMemory at 0x7fffc2680000 of 64 bytes failed: Only part of a ReadProcessMemory or WriteProcessMemory request was completed. (0x12B)
[0603/131146.251:WARNING:pe_image_reader.cc(340)] could not read dos header from C:\WINDOWS\SYSTEM32\UIAutomationCore.DLL
[0603/131146.251:ERROR:process_memory_win.cc(73)] ReadMemory at 0x7fffe17d0000 of 64 bytes failed: Only part of a ReadProcessMemory or WriteProcessMemory request was completed. (0x12B)
[0603/131146.251:WARNING:pe_image_reader.cc(340)] could not read dos header from C:\WINDOWS\SYSTEM32\WINHTTP.dll
[0603/131146.251:ERROR:process_memory_win.cc(73)] ReadMemory at 0x7fffd1e20000 of 64 bytes failed: Only part of a ReadProcessMemory or WriteProcessMemory request was completed. (0x12B)
[0603/131146.251:WARNING:pe_image_reader.cc(340)] could not read dos header from C:\WINDOWS\SYSTEM32\DWrite.dll
[0603/131146.251:ERROR:process_memory_win.cc(73)] ReadMemory at 0x7fffdccc0000 of 64 bytes failed: Only part of a ReadProcessMemory or WriteProcessMemory request was completed. (0x12B)
[0603/131146.251:WARNING:pe_image_reader.cc(340)] could not read dos header from C:\WINDOWS\SYSTEM32\WINSPOOL.DRV
[0603/131146.251:ERROR:process_memory_win.cc(73)] ReadMemory at 0x7fffd4a30000 of 64 bytes failed: Only part of a ReadProcessMemory or WriteProcessMemory request was completed. (0x12B)
[0603/131146.251:WARNING:pe_image_reader.cc(340)] could not read dos header from C:\WINDOWS\SYSTEM32\dbghelp.dll
[0603/131146.251:ERROR:process_memory_win.cc(73)] ReadMemory at 0x7fffe3d30000 of 64 bytes failed: Only part of a ReadProcessMemory or WriteProcessMemory request was completed. (0x12B)
[0603/131146.251:WARNING:pe_image_reader.cc(340)] could not read dos header from C:\WINDOWS\SYSTEM32\dhcpcsvc.DLL
[0603/131146.251:ERROR:process_memory_win.cc(73)] ReadMemory at 0x7fffe6470000 of 64 bytes failed: Only part of a ReadProcessMemory or WriteProcessMemory request was completed. (0x12B)
[0603/131146.251:WARNING:pe_image_reader.cc(340)] could not read dos header from C:\WINDOWS\SYSTEM32\PROPSYS.dll
[0603/131146.251:ERROR:process_memory_win.cc(73)] ReadMemory at 0x7fffea910000 of 64 bytes failed: Only part of a ReadProcessMemory or WriteProcessMemory request was completed. (0x12B)
[0603/131146.251:WARNING:pe_image_reader.cc(340)] could not read dos header from C:\WINDOWS\SYSTEM32\SSPICLI.DLL
[0603/131146.251:ERROR:process_memory_win.cc(73)] ReadMemory at 0x7fffea5b0000 of 64 bytes failed: Only part of a ReadProcessMemory or WriteProcessMemory request was completed. (0x12B)
[0603/131146.251:WARNING:pe_image_reader.cc(340)] could not read dos header from C:\WINDOWS\System32\MSASN1.dll
[0603/131146.251:ERROR:process_memory_win.cc(73)] ReadMemory at 0x7fffeaab0000 of 64 bytes failed: Only part of a ReadProcessMemory or WriteProcessMemory request was completed. (0x12B)
[0603/131146.251:WARNING:pe_image_reader.cc(340)] could not read dos header from C:\WINDOWS\System32\bcryptPrimitives.dll
[0603/131146.251:ERROR:process_memory_win.cc(73)] ReadMemory at 0x7fffea270000 of 64 bytes failed: Only part of a ReadProcessMemory or WriteProcessMemory request was completed. (0x12B)
[0603/131146.251:WARNING:pe_image_reader.cc(340)] could not read dos header from C:\WINDOWS\SYSTEM32\CRYPTBASE.DLL
[0603/131146.251:ERROR:process_memory_win.cc(73)] ReadMemory at 0x7fffea960000 of 64 bytes failed: Only part of a ReadProcessMemory or WriteProcessMemory request was completed. (0x12B)
[0603/131146.251:WARNING:pe_image_reader.cc(340)] could not read dos header from C:\WINDOWS\System32\profapi.dll
[0603/131146.251:ERROR:process_memory_win.cc(73)] ReadMemory at 0x7ff6f4a70000 of 64 bytes failed: Only part of a ReadProcessMemory or WriteProcessMemory request was completed. (0x12B)
[0603/131146.251:WARNING:pe_image_reader.cc(340)] could not read dos header from C:\Program Files (x86)\Microsoft\Edge\Application\msedge.exe
[0603/131146.251:ERROR:process_memory_win.cc(73)] ReadMemory at 0x7fffed2d0000 of 64 bytes failed: Only part of a ReadProcessMemory or WriteProcessMemory request was completed. (0x12B)
[0603/131146.251:WARNING:pe_image_reader.cc(340)] could not read dos header from C:\WINDOWS\SYSTEM32\ntdll.dll
[0603/131146.251:ERROR:process_memory_win.cc(73)] ReadMemory at 0x7fffed020000 of 64 bytes failed: Only part of a ReadProcessMemory or WriteProcessMemory request was completed. (0x12B)
[0603/131146.251:WARNING:pe_image_reader.cc(340)] could not read dos header from C:\WINDOWS\System32\KERNEL32.DLL
[0603/131146.251:ERROR:process_memory_win.cc(73)] ReadMemory at 0x7fffead70000 of 64 bytes failed: Only part of a ReadProcessMemory or WriteProcessMemory request was completed. (0x12B)
[0603/131146.251:WARNING:pe_image_reader.cc(340)] could not read dos header from C:\WINDOWS\System32\KERNELBASE.dll
[0603/131146.251:ERROR:process_memory_win.cc(73)] ReadMemory at 0x7fffb3a00000 of 64 bytes failed: Only part of a ReadProcessMemory or WriteProcessMemory request was completed. (0x12B)
[0603/131146.251:WARNING:pe_image_reader.cc(340)] could not read dos header from C:\Program Files (x86)\Microsoft\Edge\Application\83.0.478.37\msedge_elf.dll
[0603/131146.251:ERROR:process_memory_win.cc(73)] ReadMemory at 0x7fffebb10000 of 64 bytes failed: Only part of a ReadProcessMemory or WriteProcessMemory request was completed. (0x12B)
[0603/131146.251:WARNING:pe_image_reader.cc(340)] could not read dos header from C:\WINDOWS\System32\ADVAPI32.dll
[0603/131146.251:ERROR:process_memory_win.cc(73)] ReadMemory at 0x7fffecad0000 of 64 bytes failed: Only part of a ReadProcessMemory or WriteProcessMemory request was completed. (0x12B)
[0603/131146.251:WARNING:pe_image_reader.cc(340)] could not read dos header from C:\WINDOWS\System32\msvcrt.dll
[0603/131146.251:ERROR:process_memory_win.cc(73)] ReadMemory at 0x7fffeb9a0000 of 64 bytes failed: Only part of a ReadProcessMemory or WriteProcessMemory request was completed. (0x12B)
[0603/131146.251:WARNING:pe_image_reader.cc(340)] could not read dos header from C:\WINDOWS\System32\sechost.dll
[0603/131146.251:ERROR:process_memory_win.cc(73)] ReadMemory at 0x7fffeb870000 of 64 bytes failed: Only part of a ReadProcessMemory or WriteProcessMemory request was completed. (0x12B)
[0603/131146.251:WARNING:pe_image_reader.cc(340)] could not read dos header from C:\WINDOWS\System32\RPCRT4.dll
[0603/131146.251:ERROR:process_memory_win.cc(73)] ReadMemory at 0x7fff992a0000 of 64 bytes failed: Only part of a ReadProcessMemory or WriteProcessMemory request was completed. (0x12B)
[0603/131146.251:WARNING:pe_image_reader.cc(340)] could not read dos header from C:\Program Files (x86)\Microsoft\Edge\Application\83.0.478.37\msedge.dll
[0603/131146.252:ERROR:process_memory_win.cc(73)] ReadMemory at 0x7fffebf80000 of 64 bytes failed: Only part of a ReadProcessMemory or WriteProcessMemory request was completed. (0x12B)
[0603/131146.252:WARNING:pe_image_reader.cc(340)] could not read dos header from C:\WINDOWS\System32\WS2_32.dll
[0603/131146.252:ERROR:process_memory_win.cc(73)] ReadMemory at 0x7fffec920000 of 64 bytes failed: Only part of a ReadProcessMemory or WriteProcessMemory request was completed. (0x12B)
[0603/131146.252:WARNING:pe_image_reader.cc(340)] could not read dos header from C:\WINDOWS\System32\OLEAUT32.dll
[0603/131146.252:ERROR:process_memory_win.cc(73)] ReadMemory at 0x7fffeb140000 of 64 bytes failed: Only part of a ReadProcessMemory or WriteProcessMemory request was completed. (0x12B)
[0603/131146.252:WARNING:pe_image_reader.cc(340)] could not read dos header from C:\WINDOWS\System32\msvcp_win.dll
[0603/131146.252:ERROR:process_memory_win.cc(73)] ReadMemory at 0x7fffeb040000 of 64 bytes failed: Only part of a ReadProcessMemory or WriteProcessMemory request was completed. (0x12B)
[0603/131146.252:WARNING:pe_image_reader.cc(340)] could not read dos header from C:\WINDOWS\System32\ucrtbase.dll
[0603/131146.252:ERROR:process_memory_win.cc(73)] ReadMemory at 0x7fffecc30000 of 64 bytes failed: Only part of a ReadProcessMemory or WriteProcessMemory request was completed. (0x12B)
[0603/131146.252:WARNING:pe_image_reader.cc(340)] could not read dos header from C:\WINDOWS\System32\combase.dll
[0603/131146.252:ERROR:process_memory_win.cc(73)] ReadMemory at 0x7fffeaa50000 of 64 bytes failed: Only part of a ReadProcessMemory or WriteProcessMemory request was completed. (0x12B)
[0603/131146.252:WARNING:pe_image_reader.cc(340)] could not read dos header from C:\WINDOWS\System32\WINTRUST.dll
[0603/131146.252:ERROR:process_memory_win.cc(73)] ReadMemory at 0x7fffeac10000 of 64 bytes failed: Only part of a ReadProcessMemory or WriteProcessMemory request was completed. (0x12B)
[0603/131146.252:WARNING:pe_image_reader.cc(340)] could not read dos header from C:\WINDOWS\System32\CRYPT32.dll
[0603/131146.252:ERROR:process_memory_win.cc(73)] ReadMemory at 0x7fffe9e00000 of 64 bytes failed: Only part of a ReadProcessMemory or WriteProcessMemory request was completed. (0x12B)
[0603/131146.252:WARNING:pe_image_reader.cc(340)] could not read dos header from C:\WINDOWS\SYSTEM32\IPHLPAPI.DLL
[0603/131146.252:ERROR:process_memory_win.cc(73)] ReadMemory at 0x7fffdcaf0000 of 64 bytes failed: Only part of a ReadProcessMemory or WriteProcessMemory request was completed. (0x12B)
[0603/131146.252:WARNING:pe_image_reader.cc(340)] could not read dos header from C:\WINDOWS\SYSTEM32\WINMM.dll
[0603/131146.252:ERROR:process_memory_win.cc(73)] ReadMemory at 0x7fffd4a00000 of 64 bytes failed: Only part of a ReadProcessMemory or WriteProcessMemory request was completed. (0x12B)
[0603/131146.252:WARNING:pe_image_reader.cc(340)] could not read dos header from C:\WINDOWS\SYSTEM32\Secur32.dll
[0603/131146.252:ERROR:process_memory_win.cc(73)] ReadMemory at 0x7fffea8e0000 of 64 bytes failed: Only part of a ReadProcessMemory or WriteProcessMemory request was completed. (0x12B)
[0603/131146.252:WARNING:pe_image_reader.cc(340)] could not read dos header from C:\WINDOWS\SYSTEM32\USERENV.dll
[0603/131146.252:ERROR:process_memory_win.cc(73)] ReadMemory at 0x7fffc2680000 of 64 bytes failed: Only part of a ReadProcessMemory or WriteProcessMemory request was completed. (0x12B)
[0603/131146.252:WARNING:pe_image_reader.cc(340)] could not read dos header from C:\WINDOWS\SYSTEM32\UIAutomationCore.DLL
[0603/131146.252:ERROR:process_memory_win.cc(73)] ReadMemory at 0x7fffe17d0000 of 64 bytes failed: Only part of a ReadProcessMemory or WriteProcessMemory request was completed. (0x12B)
[0603/131146.252:WARNING:pe_image_reader.cc(340)] could not read dos header from C:\WINDOWS\SYSTEM32\WINHTTP.dll
[0603/131146.252:ERROR:process_memory_win.cc(73)] ReadMemory at 0x7fffd1e20000 of 64 bytes failed: Only part of a ReadProcessMemory or WriteProcessMemory request was completed. (0x12B)
[0603/131146.252:WARNING:pe_image_reader.cc(340)] could not read dos header from C:\WINDOWS\SYSTEM32\DWrite.dll
[0603/131146.252:ERROR:process_memory_win.cc(73)] ReadMemory at 0x7fffdccc0000 of 64 bytes failed: Only part of a ReadProcessMemory or WriteProcessMemory request was completed. (0x12B)
[0603/131146.252:WARNING:pe_image_reader.cc(340)] could not read dos header from C:\WINDOWS\SYSTEM32\WINSPOOL.DRV
[0603/131146.252:ERROR:process_memory_win.cc(73)] ReadMemory at 0x7fffd4a30000 of 64 bytes failed: Only part of a ReadProcessMemory or WriteProcessMemory request was completed. (0x12B)
[0603/131146.252:WARNING:pe_image_reader.cc(340)] could not read dos header from C:\WINDOWS\SYSTEM32\dbghelp.dll
[0603/131146.252:ERROR:process_memory_win.cc(73)] ReadMemory at 0x7fffe3d30000 of 64 bytes failed: Only part of a ReadProcessMemory or WriteProcessMemory request was completed. (0x12B)
[0603/131146.252:WARNING:pe_image_reader.cc(340)] could not read dos header from C:\WINDOWS\SYSTEM32\dhcpcsvc.DLL
[0603/131146.252:ERROR:process_memory_win.cc(73)] ReadMemory at 0x7fffe6470000 of 64 bytes failed: Only part of a ReadProcessMemory or WriteProcessMemory request was completed. (0x12B)
[0603/131146.252:WARNING:pe_image_reader.cc(340)] could not read dos header from C:\WINDOWS\SYSTEM32\PROPSYS.dll
[0603/131146.252:ERROR:process_memory_win.cc(73)] ReadMemory at 0x7fffea910000 of 64 bytes failed: Only part of a ReadProcessMemory or WriteProcessMemory request was completed. (0x12B)
[0603/131146.252:WARNING:pe_image_reader.cc(340)] could not read dos header from C:\WINDOWS\SYSTEM32\SSPICLI.DLL
[0603/131146.252:ERROR:process_memory_win.cc(73)] ReadMemory at 0x7fffea5b0000 of 64 bytes failed: Only part of a ReadProcessMemory or WriteProcessMemory request was completed. (0x12B)
[0603/131146.252:WARNING:pe_image_reader.cc(340)] could not read dos header from C:\WINDOWS\System32\MSASN1.dll
[0603/131146.252:ERROR:process_memory_win.cc(73)] ReadMemory at 0x7fffeaab0000 of 64 bytes failed: Only part of a ReadProcessMemory or WriteProcessMemory request was completed. (0x12B)
[0603/131146.252:WARNING:pe_image_reader.cc(340)] could not read dos header from C:\WINDOWS\System32\bcryptPrimitives.dll
[0603/131146.252:ERROR:process_memory_win.cc(73)] ReadMemory at 0x7fffea270000 of 64 bytes failed: Only part of a ReadProcessMemory or WriteProcessMemory request was completed. (0x12B)
[0603/131146.253:WARNING:pe_image_reader.cc(340)] could not read dos header from C:\WINDOWS\SYSTEM32\CRYPTBASE.DLL
[0603/131146.253:ERROR:process_memory_win.cc(73)] ReadMemory at 0x7fffea960000 of 64 bytes failed: Only part of a ReadProcessMemory or WriteProcessMemory request was completed. (0x12B)
[0603/131146.253:WARNING:pe_image_reader.cc(340)] could not read dos header from C:\WINDOWS\System32\profapi.dll
[0603/131146.326:ERROR:process_memory_win.cc(73)] ReadMemory at 0xc2db3f2000 of 57344 bytes failed: Only part of a ReadProcessMemory or WriteProcessMemory request was completed. (0x12B)
[0603/131146.326:ERROR:process_memory_win.cc(73)] ReadMemory at 0xc2dbbfe000 of 8192 bytes failed: Only part of a ReadProcessMemory or WriteProcessMemory request was completed. (0x12B)
[0603/131146.326:ERROR:process_memory_win.cc(73)] ReadMemory at 0xc2dc3fd000 of 12288 bytes failed: Only part of a ReadProcessMemory or WriteProcessMemory request was completed. (0x12B)
[0603/131146.326:ERROR:process_memory_win.cc(73)] ReadMemory at 0xc2dd3fc000 of 16384 bytes failed: Only part of a ReadProcessMemory or WriteProcessMemory request was completed. (0x12B)
[0603/131146.326:ERROR:process_memory_win.cc(73)] ReadMemory at 0xc2ddbfc000 of 16384 bytes failed: Only part of a ReadProcessMemory or WriteProcessMemory request was completed. (0x12B)
[0603/131146.326:ERROR:process_memory_win.cc(73)] ReadMemory at 0xc2de3fd000 of 12288 bytes failed: Only part of a ReadProcessMemory or WriteProcessMemory request was completed. (0x12B)
[0603/131146.326:ERROR:process_memory_win.cc(73)] ReadMemory at 0xc2debfb000 of 20480 bytes failed: Only part of a ReadProcessMemory or WriteProcessMemory request was completed. (0x12B)
[0603/131146.327:ERROR:process_memory_win.cc(73)] ReadMemory at 0xc2dfbfd000 of 12288 bytes failed: Only part of a ReadProcessMemory or WriteProcessMemory request was completed. (0x12B)
[0603/131146.327:ERROR:process_memory_win.cc(73)] ReadMemory at 0xc2e03fa000 of 24576 bytes failed: Only part of a ReadProcessMemory or WriteProcessMemory request was completed. (0x12B)
[0603/131146.327:ERROR:process_memory_win.cc(73)] ReadMemory at 0xc2e0bf6000 of 40960 bytes failed: Only part of a ReadProcessMemory or WriteProcessMemory request was completed. (0x12B)
[0603/131146.327:ERROR:process_memory_win.cc(73)] ReadMemory at 0xc2e13f6000 of 40960 bytes failed: Only part of a ReadProcessMemory or WriteProcessMemory request was completed. (0x12B)
[0603/131146.327:ERROR:process_memory_win.cc(73)] ReadMemory at 0xc2e1bf5000 of 45056 bytes failed: Only part of a ReadProcessMemory or WriteProcessMemory request was completed. (0x12B)
[0603/131146.327:ERROR:process_memory_win.cc(73)] ReadMemory at 0xc2e23fd000 of 12288 bytes failed: Only part of a ReadProcessMemory or WriteProcessMemory request was completed. (0x12B)
[0603/131146.327:ERROR:process_memory_win.cc(73)] ReadMemory at 0xc2df3fd000 of 12288 bytes failed: Only part of a ReadProcessMemory or WriteProcessMemory request was completed. (0x12B)
[0603/131146.327:ERROR:process_memory_win.cc(73)] ReadMemory at 0xc2dcbfd000 of 12288 bytes failed: Only part of a ReadProcessMemory or WriteProcessMemory request was completed. (0x12B)
[0603/131146.328:ERROR:process_memory_win.cc(73)] ReadMemory at 0xc2e53fc000 of 16384 bytes failed: Only part of a ReadProcessMemory or WriteProcessMemory request was completed. (0x12B)
[0603/131146.328:ERROR:process_memory_win.cc(73)] ReadMemory at 0xc2e2bfc000 of 16384 bytes failed: Only part of a ReadProcessMemory or WriteProcessMemory request was completed. (0x12B)
[0603/131146.328:ERROR:process_memory_win.cc(73)] ReadMemory at 0xc2e33fc000 of 16384 bytes failed: Only part of a ReadProcessMemory or WriteProcessMemory request was completed. (0x12B)
[0603/131146.328:ERROR:process_memory_win.cc(73)] ReadMemory at 0xc2e3bfc000 of 16384 bytes failed: Only part of a ReadProcessMemory or WriteProcessMemory request was completed. (0x12B)
[0603/131146.328:ERROR:process_memory_win.cc(73)] ReadMemory at 0xc2e43fc000 of 16384 bytes failed: Only part of a ReadProcessMemory or WriteProcessMemory request was completed. (0x12B)
[0603/131146.328:ERROR:process_memory_win.cc(73)] ReadMemory at 0xc2e4bfc000 of 16384 bytes failed: Only part of a ReadProcessMemory or WriteProcessMemory request was completed. (0x12B)
[0603/131146.328:ERROR:process_memory_win.cc(73)] ReadMemory at 0xc2e5bfc000 of 16384 bytes failed: Only part of a ReadProcessMemory or WriteProcessMemory request was completed. (0x12B)
[0603/131146.328:ERROR:process_memory_win.cc(73)] ReadMemory at 0xc2e63ff000 of 4096 bytes failed: Only part of a ReadProcessMemory or WriteProcessMemory request was completed. (0x12B)
[0603/131146.328:ERROR:process_memory_win.cc(73)] ReadMemory at 0xc2dab7a000 of 852 bytes failed: Only part of a ReadProcessMemory or WriteProcessMemory request was completed. (0x12B)
[0603/131146.328:ERROR:process_memory_win.cc(73)] ReadMemory at 0xc2dab7b000 of 6024 bytes failed: Only part of a ReadProcessMemory or WriteProcessMemory request was completed. (0x12B)
[0603/131146.329:ERROR:process_memory_win.cc(73)] ReadMemory at 0xc2dab7d000 of 6024 bytes failed: Only part of a ReadProcessMemory or WriteProcessMemory request was completed. (0x12B)
[0603/131146.329:ERROR:process_memory_win.cc(73)] ReadMemory at 0xc2dab7f000 of 6024 bytes failed: Only part of a ReadProcessMemory or WriteProcessMemory request was completed. (0x12B)
[0603/131146.329:ERROR:process_memory_win.cc(73)] ReadMemory at 0xc2dab83000 of 6024 bytes failed: Only part of a ReadProcessMemory or WriteProcessMemory request was completed. (0x12B)
[0603/131146.329:ERROR:process_memory_win.cc(73)] ReadMemory at 0xc2dab85000 of 6024 bytes failed: Only part of a ReadProcessMemory or WriteProcessMemory request was completed. (0x12B)
[0603/131146.329:ERROR:process_memory_win.cc(73)] ReadMemory at 0xc2dab87000 of 6024 bytes failed: Only part of a ReadProcessMemory or WriteProcessMemory request was completed. (0x12B)
[0603/131146.329:ERROR:process_memory_win.cc(73)] ReadMemory at 0xc2dab89000 of 6024 bytes failed: Only part of a ReadProcessMemory or WriteProcessMemory request was completed. (0x12B)
[0603/131146.329:ERROR:process_memory_win.cc(73)] ReadMemory at 0xc2dab8d000 of 6024 bytes failed: Only part of a ReadProcessMemory or WriteProcessMemory request was completed. (0x12B)
[0603/131146.329:ERROR:process_memory_win.cc(73)] ReadMemory at 0xc2dab8f000 of 6024 bytes failed: Only part of a ReadProcessMemory or WriteProcessMemory request was completed. (0x12B)
[0603/131146.329:ERROR:process_memory_win.cc(73)] ReadMemory at 0xc2dab91000 of 6024 bytes failed: Only part of a ReadProcessMemory or WriteProcessMemory request was completed. (0x12B)
[0603/131146.329:ERROR:process_memory_win.cc(73)] ReadMemory at 0xc2dab93000 of 6024 bytes failed: Only part of a ReadProcessMemory or WriteProcessMemory request was completed. (0x12B)
[0603/131146.329:ERROR:process_memory_win.cc(73)] ReadMemory at 0xc2dab95000 of 6024 bytes failed: Only part of a ReadProcessMemory or WriteProcessMemory request was completed. (0x12B)
[0603/131146.329:ERROR:process_memory_win.cc(73)] ReadMemory at 0xc2dab97000 of 6024 bytes failed: Only part of a ReadProcessMemory or WriteProcessMemory request was completed. (0x12B)
[0603/131146.329:ERROR:process_memory_win.cc(73)] ReadMemory at 0xc2dab99000 of 6024 bytes failed: Only part of a ReadProcessMemory or WriteProcessMemory request was completed. (0x12B)
[0603/131146.329:ERROR:process_memory_win.cc(73)] ReadMemory at 0xc2daba7000 of 6024 bytes failed: Only part of a ReadProcessMemory or WriteProcessMemory request was completed. (0x12B)
[0603/131146.330:ERROR:process_memory_win.cc(73)] ReadMemory at 0xc2dabe1000 of 6024 bytes failed: Only part of a ReadProcessMemory or WriteProcessMemory request was completed. (0x12B)
[0603/131146.330:ERROR:process_memory_win.cc(73)] ReadMemory at 0xc2dabe9000 of 6024 bytes failed: Only part of a ReadProcessMemory or WriteProcessMemory request was completed. (0x12B)
[0603/131146.330:ERROR:process_memory_win.cc(73)] ReadMemory at 0xc2dabeb000 of 6024 bytes failed: Only part of a ReadProcessMemory or WriteProcessMemory request was completed. (0x12B)
[0603/131146.330:ERROR:process_memory_win.cc(73)] ReadMemory at 0xc2dabed000 of 6024 bytes failed: Only part of a ReadProcessMemory or WriteProcessMemory request was completed. (0x12B)
[0603/131146.330:ERROR:process_memory_win.cc(73)] ReadMemory at 0xc2dabef000 of 6024 bytes failed: Only part of a ReadProcessMemory or WriteProcessMemory request was completed. (0x12B)
[0603/131146.330:ERROR:process_memory_win.cc(73)] ReadMemory at 0xc2dabf1000 of 6024 bytes failed: Only part of a ReadProcessMemory or WriteProcessMemory request was completed. (0x12B)
[0603/131146.330:ERROR:process_memory_win.cc(73)] ReadMemory at 0xc2dabf3000 of 6024 bytes failed: Only part of a ReadProcessMemory or WriteProcessMemory request was completed. (0x12B)
[0603/131146.330:ERROR:process_memory_win.cc(73)] ReadMemory at 0xc2dabf5000 of 6024 bytes failed: Only part of a ReadProcessMemory or WriteProcessMemory request was completed. (0x12B)
[0603/131146.330:ERROR:process_memory_win.cc(73)] ReadMemory at 0x252dcd002c0 of 40 bytes failed: Only part of a ReadProcessMemory or WriteProcessMemory request was completed. (0x12B)
[0603/131146.330:ERROR:process_memory_win.cc(73)] ReadMemory at 0x252dcde02c0 of 40 bytes failed: Only part of a ReadProcessMemory or WriteProcessMemory request was completed. (0x12B)
[0603/131146.368:ERROR:process_memory_win.cc(73)] ReadMemory at 0x252dce027f0 of 17998 bytes failed: Only part of a ReadProcessMemory or WriteProcessMemory request was completed. (0x12B)
[0603/131146.368:ERROR:process_memory_win.cc(73)] ReadMemory at 0x252dce06e50 of 1012 bytes failed: Only part of a ReadProcessMemory or WriteProcessMemory request was completed. (0x12B)
[0603/131146.368:ERROR:process_memory_win.cc(73)] ReadMemory at 0x252dce07498 of 120 bytes failed: Only part of a ReadProcessMemory or WriteProcessMemory request was completed. (0x12B)
[0603/131146.368:ERROR:process_memory_win.cc(73)] ReadMemory at 0x252dce07512 of 848 bytes failed: Only part of a ReadProcessMemory or WriteProcessMemory request was completed. (0x12B)
[0603/131146.368:ERROR:process_memory_win.cc(73)] ReadMemory at 0x252dce07864 of 120 bytes failed: Only part of a ReadProcessMemory or WriteProcessMemory request was completed. (0x12B)
[0603/131146.368:ERROR:process_memory_win.cc(73)] ReadMemory at 0x252dce078de of 102 bytes failed: Only part of a ReadProcessMemory or WriteProcessMemory request was completed. (0x12B)
[0603/131146.369:ERROR:process_memory_win.cc(73)] ReadMemory at 0x252dce07960 of 58 bytes failed: Only part of a ReadProcessMemory or WriteProcessMemory request was completed. (0x12B)
[0603/131146.369:ERROR:process_memory_win.cc(73)] ReadMemory at 0x252dce07a70 of 132 bytes failed: Only part of a ReadProcessMemory or WriteProcessMemory request was completed. (0x12B)
[0603/131146.369:ERROR:process_memory_win.cc(73)] ReadMemory at 0x252dce07c00 of 132 bytes failed: Only part of a ReadProcessMemory or WriteProcessMemory request was completed. (0x12B)
[0603/131146.369:ERROR:process_memory_win.cc(73)] ReadMemory at 0x252dce081e0 of 132 bytes failed: Only part of a ReadProcessMemory or WriteProcessMemory request was completed. (0x12B)
[0603/131146.369:ERROR:process_memory_win.cc(73)] ReadMemory at 0x252dce08370 of 64 bytes failed: Only part of a ReadProcessMemory or WriteProcessMemory request was completed. (0x12B)
[0603/131146.369:ERROR:process_memory_win.cc(73)] ReadMemory at 0x252dce08540 of 132 bytes failed: Only part of a ReadProcessMemory or WriteProcessMemory request was completed. (0x12B)
[0603/131146.369:ERROR:process_memory_win.cc(73)] ReadMemory at 0x252dce08800 of 132 bytes failed: Only part of a ReadProcessMemory or WriteProcessMemory request was completed. (0x12B)
[0603/131146.369:ERROR:process_memory_win.cc(73)] ReadMemory at 0x252dce08990 of 68 bytes failed: Only part of a ReadProcessMemory or WriteProcessMemory request was completed. (0x12B)
[0603/131146.370:ERROR:process_memory_win.cc(73)] ReadMemory at 0x252dce099e0 of 152 bytes failed: Only part of a ReadProcessMemory or WriteProcessMemory request was completed. (0x12B)
[0603/131146.370:ERROR:process_memory_win.cc(73)] ReadMemory at 0x252dce0b440 of 132 bytes failed: Only part of a ReadProcessMemory or WriteProcessMemory request was completed. (0x12B)
[0603/131146.370:ERROR:process_memory_win.cc(73)] ReadMemory at 0x252dce0b670 of 132 bytes failed: Only part of a ReadProcessMemory or WriteProcessMemory request was completed. (0x12B)
[0603/131146.370:ERROR:process_memory_win.cc(73)] ReadMemory at 0x252dce0bf40 of 132 bytes failed: Only part of a ReadProcessMemory or WriteProcessMemory request was completed. (0x12B)
[0603/131146.370:ERROR:process_memory_win.cc(73)] ReadMemory at 0x252dce0c290 of 132 bytes failed: Only part of a ReadProcessMemory or WriteProcessMemory request was completed. (0x12B)
[0603/131146.371:ERROR:process_memory_win.cc(73)] ReadMemory at 0x252dce0c3c0 of 132 bytes failed: Only part of a ReadProcessMemory or WriteProcessMemory request was completed. (0x12B)
[0603/131146.371:ERROR:process_memory_win.cc(73)] ReadMemory at 0x252dce0c630 of 512 bytes failed: Only part of a ReadProcessMemory or WriteProcessMemory request was completed. (0x12B)
[0603/131146.371:ERROR:process_memory_win.cc(73)] ReadMemory at 0x252dce0c900 of 124 bytes failed: Only part of a ReadProcessMemory or WriteProcessMemory request was completed. (0x12B)
[0603/131146.372:ERROR:process_memory_win.cc(73)] ReadMemory at 0x252dce0fc30 of 144 bytes failed: Only part of a ReadProcessMemory or WriteProcessMemory request was completed. (0x12B)
[0603/131146.372:ERROR:process_memory_win.cc(73)] ReadMemory at 0x252dce0fd20 of 132 bytes failed: Only part of a ReadProcessMemory or WriteProcessMemory request was completed. (0x12B)
[0603/131146.373:ERROR:process_memory_win.cc(73)] ReadMemory at 0x252dce10670 of 132 bytes failed: Only part of a ReadProcessMemory or WriteProcessMemory request was completed. (0x12B)
[0603/131146.373:ERROR:process_memory_win.cc(73)] ReadMemory at 0x252dce108e0 of 132 bytes failed: Only part of a ReadProcessMemory or WriteProcessMemory request was completed. (0x12B)
[0603/131146.373:ERROR:process_memory_win.cc(73)] ReadMemory at 0x252dce10c20 of 132 bytes failed: Only part of a ReadProcessMemory or WriteProcessMemory request was completed. (0x12B)
[0603/131146.373:ERROR:process_memory_win.cc(73)] ReadMemory at 0x252dce10f20 of 132 bytes failed: Only part of a ReadProcessMemory or WriteProcessMemory request was completed. (0x12B)
[0603/131146.373:ERROR:process_memory_win.cc(73)] ReadMemory at 0x252dce10fd0 of 512 bytes failed: Only part of a ReadProcessMemory or WriteProcessMemory request was completed. (0x12B)
[0603/131146.373:ERROR:process_memory_win.cc(73)] ReadMemory at 0x252dce130a0 of 64 bytes failed: Only part of a ReadProcessMemory or WriteProcessMemory request was completed. (0x12B)
[0603/131146.374:ERROR:process_memory_win.cc(73)] ReadMemory at 0x252dce134b0 of 64 bytes failed: Only part of a ReadProcessMemory or WriteProcessMemory request was completed. (0x12B)
[0603/131146.374:ERROR:process_memory_win.cc(73)] ReadMemory at 0x252dce13550 of 66 bytes failed: Only part of a ReadProcessMemory or WriteProcessMemory request was completed. (0x12B)
[0603/131146.374:ERROR:process_memory_win.cc(73)] ReadMemory at 0x252dce135f0 of 64 bytes failed: Only part of a ReadProcessMemory or WriteProcessMemory request was completed. (0x12B)
[0603/131146.374:ERROR:process_memory_win.cc(73)] ReadMemory at 0x252dce137d0 of 64 bytes failed: Only part of a ReadProcessMemory or WriteProcessMemory request was completed. (0x12B)
[0603/131146.374:ERROR:process_memory_win.cc(73)] ReadMemory at 0x252dce13af0 of 64 bytes failed: Only part of a ReadProcessMemory or WriteProcessMemory request was completed. (0x12B)
[0603/131146.375:ERROR:process_memory_win.cc(73)] ReadMemory at 0x252dce13e60 of 64 bytes failed: Only part of a ReadProcessMemory or WriteProcessMemory request was completed. (0x12B)
[0603/131146.375:ERROR:process_memory_win.cc(73)] ReadMemory at 0x252dce13eb0 of 64 bytes failed: Only part of a ReadProcessMemory or WriteProcessMemory request was completed. (0x12B)
[0603/131146.375:ERROR:process_memory_win.cc(73)] ReadMemory at 0x252dce16090 of 60 bytes failed: Only part of a ReadProcessMemory or WriteProcessMemory request was completed. (0x12B)
[0603/131146.375:ERROR:process_memory_win.cc(73)] ReadMemory at 0x252dce166d0 of 62 bytes failed: Only part of a ReadProcessMemory or WriteProcessMemory request was completed. (0x12B)
[0603/131146.375:ERROR:process_memory_win.cc(73)] ReadMemory at 0x252dce167d0 of 60 bytes failed: Only part of a ReadProcessMemory or WriteProcessMemory request was completed. (0x12B)
[0603/131146.375:ERROR:process_memory_win.cc(73)] ReadMemory at 0x252dce18150 of 132 bytes failed: Only part of a ReadProcessMemory or WriteProcessMemory request was completed. (0x12B)
[0603/131146.376:ERROR:process_memory_win.cc(73)] ReadMemory at 0x252dce1dff0 of 80 bytes failed: Only part of a ReadProcessMemory or WriteProcessMemory request was completed. (0x12B)
[0603/131146.376:ERROR:process_memory_win.cc(73)] ReadMemory at 0x252dce2a090 of 62 bytes failed: Only part of a ReadProcessMemory or WriteProcessMemory request was completed. (0x12B)
[0603/131146.376:ERROR:process_memory_win.cc(73)] ReadMemory at 0x252dce2a250 of 58 bytes failed: Only part of a ReadProcessMemory or WriteProcessMemory request was completed. (0x12B)
[0603/131146.376:ERROR:process_memory_win.cc(73)] ReadMemory at 0x252dce2a290 of 60 bytes failed: Only part of a ReadProcessMemory or WriteProcessMemory request was completed. (0x12B)
[0603/131146.377:ERROR:process_memory_win.cc(73)] ReadMemory at 0x252dce2a310 of 62 bytes failed: Only part of a ReadProcessMemory or WriteProcessMemory request was completed. (0x12B)
[0603/131146.377:ERROR:process_memory_win.cc(73)] ReadMemory at 0x252dce2a390 of 60 bytes failed: Only part of a ReadProcessMemory or WriteProcessMemory request was completed. (0x12B)
[0603/131146.377:ERROR:process_memory_win.cc(73)] ReadMemory at 0x252dce2a3d0 of 62 bytes failed: Only part of a ReadProcessMemory or WriteProcessMemory request was completed. (0x12B)
[0603/131146.377:ERROR:process_memory_win.cc(73)] ReadMemory at 0x252dce2a490 of 62 bytes failed: Only part of a ReadProcessMemory or WriteProcessMemory request was completed. (0x12B)
[0603/131146.377:ERROR:process_memory_win.cc(73)] ReadMemory at 0x252dce2a4d0 of 62 bytes failed: Only part of a ReadProcessMemory or WriteProcessMemory request was completed. (0x12B)
[0603/131146.377:ERROR:process_memory_win.cc(73)] ReadMemory at 0x252dce2a590 of 62 bytes failed: Only part of a ReadProcessMemory or WriteProcessMemory request was completed. (0x12B)
[0603/131146.377:ERROR:process_memory_win.cc(73)] ReadMemory at 0x252dce2a5d0 of 62 bytes failed: Only part of a ReadProcessMemory or WriteProcessMemory request was completed. (0x12B)
[0603/131146.377:ERROR:process_memory_win.cc(73)] ReadMemory at 0x252dce2a610 of 62 bytes failed: Only part of a ReadProcessMemory or WriteProcessMemory request was completed. (0x12B)
[0603/131146.377:ERROR:process_memory_win.cc(73)] ReadMemory at 0x252dce2a850 of 60 bytes failed: Only part of a ReadProcessMemory or WriteProcessMemory request was completed. (0x12B)
[0603/131146.435:ERROR:process_memory_win.cc(73)] ReadMemory at 0x252dce2b040 of 132 bytes failed: Only part of a ReadProcessMemory or WriteProcessMemory request was completed. (0x12B)
[0603/131146.435:ERROR:process_memory_win.cc(73)] ReadMemory at 0x252dce2b160 of 132 bytes failed: Only part of a ReadProcessMemory or WriteProcessMemory request was completed. (0x12B)
[0603/131146.436:ERROR:process_memory_win.cc(73)] ReadMemory at 0x252dce2b280 of 132 bytes failed: Only part of a ReadProcessMemory or WriteProcessMemory request was completed. (0x12B)
[0603/131146.436:ERROR:process_memory_win.cc(73)] ReadMemory at 0x252dce2b3a0 of 132 bytes failed: Only part of a ReadProcessMemory or WriteProcessMemory request was completed. (0x12B)
[0603/131146.436:ERROR:process_memory_win.cc(73)] ReadMemory at 0x252dce2b4c0 of 132 bytes failed: Only part of a ReadProcessMemory or WriteProcessMemory request was completed. (0x12B)
[0603/131146.436:ERROR:process_memory_win.cc(73)] ReadMemory at 0x252dce2b5e0 of 132 bytes failed: Only part of a ReadProcessMemory or WriteProcessMemory request was completed. (0x12B)
[0603/131146.436:ERROR:process_memory_win.cc(73)] ReadMemory at 0x252dce2b820 of 132 bytes failed: Only part of a ReadProcessMemory or WriteProcessMemory request was completed. (0x12B)
[0603/131146.436:ERROR:process_memory_win.cc(73)] ReadMemory at 0x252dce2b940 of 132 bytes failed: Only part of a ReadProcessMemory or WriteProcessMemory request was completed. (0x12B)
[0603/131146.436:ERROR:process_memory_win.cc(73)] ReadMemory at 0x252dce2ba60 of 132 bytes failed: Only part of a ReadProcessMemory or WriteProcessMemory request was completed. (0x12B)
[0603/131146.436:ERROR:process_memory_win.cc(73)] ReadMemory at 0x252dce2bb80 of 132 bytes failed: Only part of a ReadProcessMemory or WriteProcessMemory request was completed. (0x12B)
[0603/131146.437:ERROR:process_memory_win.cc(73)] ReadMemory at 0x252dce2bca0 of 132 bytes failed: Only part of a ReadProcessMemory or WriteProcessMemory request was completed. (0x12B)
[0603/131146.437:ERROR:process_memory_win.cc(73)] ReadMemory at 0x252dce2bdc0 of 132 bytes failed: Only part of a ReadProcessMemory or WriteProcessMemory request was completed. (0x12B)
[0603/131146.437:ERROR:process_memory_win.cc(73)] ReadMemory at 0x252dce2bee0 of 132 bytes failed: Only part of a ReadProcessMemory or WriteProcessMemory request was completed. (0x12B)
[0603/131146.437:ERROR:process_memory_win.cc(73)] ReadMemory at 0x252dce2e9b0 of 66 bytes failed: Only part of a ReadProcessMemory or WriteProcessMemory request was completed. (0x12B)
[0603/131146.437:ERROR:process_memory_win.cc(73)] ReadMemory at 0x252dce33280 of 132 bytes failed: Only part of a ReadProcessMemory or WriteProcessMemory request was completed. (0x12B)
[0603/131146.437:ERROR:process_memory_win.cc(73)] ReadMemory at 0x252dce34000 of 132 bytes failed: Only part of a ReadProcessMemory or WriteProcessMemory request was completed. (0x12B)
[0603/131146.437:ERROR:process_memory_win.cc(73)] ReadMemory at 0x252dce346c0 of 132 bytes failed: Only part of a ReadProcessMemory or WriteProcessMemory request was completed. (0x12B)
[0603/131146.437:ERROR:process_memory_win.cc(73)] ReadMemory at 0x252dce38140 of 40 bytes failed: Only part of a ReadProcessMemory or WriteProcessMemory request was completed. (0x12B)
[0603/131146.438:ERROR:process_memory_win.cc(73)] ReadMemory at 0x252dd0e1540 of 768 bytes failed: Only part of a ReadProcessMemory or WriteProcessMemory request was completed. (0x12B)
[0603/131146.438:ERROR:process_memory_win.cc(73)] ReadMemory at 0x252dd946930 of 512 bytes failed: Only part of a ReadProcessMemory or WriteProcessMemory request was completed. (0x12B)
[0603/131146.438:ERROR:process_memory_win.cc(73)] ReadMemory at 0x252dd94ebe0 of 512 bytes failed: Only part of a ReadProcessMemory or WriteProcessMemory request was completed. (0x12B)
[0603/131146.438:ERROR:process_memory_win.cc(73)] ReadMemory at 0x252dd95afe0 of 712 bytes failed: Only part of a ReadProcessMemory or WriteProcessMemory request was completed. (0x12B)
[0603/131146.438:ERROR:process_memory_win.cc(73)] ReadMemory at 0x252dd9a97a0 of 512 bytes failed: Only part of a ReadProcessMemory or WriteProcessMemory request was completed. (0x12B)
[0603/131146.438:ERROR:process_memory_win.cc(73)] ReadMemory at 0x252dd9cbfc0 of 512 bytes failed: Only part of a ReadProcessMemory or WriteProcessMemory request was completed. (0x12B)
[0603/131146.438:ERROR:process_memory_win.cc(73)] ReadMemory at 0x252dd9ccfc0 of 512 bytes failed: Only part of a ReadProcessMemory or WriteProcessMemory request was completed. (0x12B)
[0603/131146.438:ERROR:process_memory_win.cc(73)] ReadMemory at 0x252df3fa981 of 512 bytes failed: Only part of a ReadProcessMemory or WriteProcessMemory request was completed. (0x12B)
[0603/131146.438:ERROR:process_memory_win.cc(73)] ReadMemory at 0x252df81cff0 of 512 bytes failed: Only part of a ReadProcessMemory or WriteProcessMemory request was completed. (0x12B)
[0603/131146.438:ERROR:process_memory_win.cc(73)] ReadMemory at 0x252df81da04 of 512 bytes failed: Only part of a ReadProcessMemory or WriteProcessMemory request was completed. (0x12B)
[0603/131146.439:ERROR:process_memory_win.cc(73)] ReadMemory at 0x252e01eb000 of 460 bytes failed: Only part of a ReadProcessMemory or WriteProcessMemory request was completed. (0x12B)
[0603/131146.439:ERROR:process_memory_win.cc(73)] ReadMemory at 0x252eb909d10 of 512 bytes failed: Only part of a ReadProcessMemory or WriteProcessMemory request was completed. (0x12B)
[0603/131146.483:ERROR:process_memory_win.cc(73)] ReadMemory at 0x252edf43034 of 512 bytes failed: Only part of a ReadProcessMemory or WriteProcessMemory request was completed. (0x12B)
[0603/131146.483:ERROR:process_memory_win.cc(73)] ReadMemory at 0x252edf44b88 of 512 bytes failed: Only part of a ReadProcessMemory or WriteProcessMemory request was completed. (0x12B)
[0603/131146.499:ERROR:process_memory_win.cc(73)] ReadMemory at 0x252f278403e of 512 bytes failed: Only part of a ReadProcessMemory or WriteProcessMemory request was completed. (0x12B)
[0603/131146.499:ERROR:process_memory_win.cc(73)] ReadMemory at 0x93b0000a0b0 of 40 bytes failed: Only part of a ReadProcessMemory or WriteProcessMemory request was completed. (0x12B)
[0603/131146.499:ERROR:process_memory_win.cc(73)] ReadMemory at 0x93b08040280 of 512 bytes failed: Only part of a ReadProcessMemory or WriteProcessMemory request was completed. (0x12B)
[0603/131146.499:ERROR:process_memory_win.cc(73)] ReadMemory at 0x93b0856e20c of 512 bytes failed: Only part of a ReadProcessMemory or WriteProcessMemory request was completed. (0x12B)
[0603/131146.499:ERROR:process_memory_win.cc(73)] ReadMemory at 0x93b08575701 of 512 bytes failed: Only part of a ReadProcessMemory or WriteProcessMemory request was completed. (0x12B)
[0603/131146.499:ERROR:process_memory_win.cc(73)] ReadMemory at 0x93b08c6e120 of 512 bytes failed: Only part of a ReadProcessMemory or WriteProcessMemory request was completed. (0x12B)
[0603/131146.499:ERROR:process_memory_win.cc(73)] ReadMemory at 0x93b08c6f148 of 512 bytes failed: Only part of a ReadProcessMemory or WriteProcessMemory request was completed. (0x12B)
[0603/131146.499:ERROR:process_memory_win.cc(73)] ReadMemory at 0x26877abd3f40 of 512 bytes failed: Only part of a ReadProcessMemory or WriteProcessMemory request was completed. (0x12B)
[0603/131146.514:ERROR:process_memory_win.cc(73)] ReadMemory at 0x4ebe7da54030 of 40 bytes failed: Only part of a ReadProcessMemory or WriteProcessMemory request was completed. (0x12B)
[0603/131146.514:ERROR:process_memory_win.cc(73)] ReadMemory at 0x4ebe7db7bf40 of 512 bytes failed: Only part of a ReadProcessMemory or WriteProcessMemory request was completed. (0x12B)
[0603/131146.514:ERROR:process_memory_win.cc(73)] ReadMemory at 0x7fff9b9f1b7a of 512 bytes failed: Only part of a ReadProcessMemory or WriteProcessMemory request was completed. (0x12B)
[0603/131146.539:ERROR:process_memory_win.cc(73)] ReadMemory at 0x7fff9cfe69d0 of 512 bytes failed: Only part of a ReadProcessMemory or WriteProcessMemory request was completed. (0x12B)
[0603/131146.539:ERROR:process_memory_win.cc(73)] ReadMemory at 0x7fffb3a3e7a0 of 512 bytes failed: Only part of a ReadProcessMemory or WriteProcessMemory request was completed. (0x12B)
[0603/131146.539:ERROR:process_memory_win.cc(73)] ReadMemory at 0x7fffb3ade288 of 712 bytes failed: Only part of a ReadProcessMemory or WriteProcessMemory request was completed. (0x12B)
[0603/131146.539:ERROR:process_memory_win.cc(73)] ReadMemory at 0x7fffb3ae2f40 of 40 bytes failed: Only part of a ReadProcessMemory or WriteProcessMemory request was completed. (0x12B)
[0603/131146.539:ERROR:process_memory_win.cc(73)] ReadMemory at 0x7fffea93ad30 of 40 bytes failed: Only part of a ReadProcessMemory or WriteProcessMemory request was completed. (0x12B)
[0603/131146.539:ERROR:process_memory_win.cc(73)] ReadMemory at 0x7fffecb5f5b0 of 176 bytes failed: Only part of a ReadProcessMemory or WriteProcessMemory request was completed. (0x12B)
[0603/131146.539:ERROR:process_memory_win.cc(73)] ReadMemory at 0x7fffed035cf0 of 512 bytes failed: Only part of a ReadProcessMemory or WriteProcessMemory request was completed. (0x12B)
[0603/131146.539:ERROR:process_memory_win.cc(73)] ReadMemory at 0x7fffed36ad94 of 672 bytes failed: Only part of a ReadProcessMemory or WriteProcessMemory request was completed. (0x12B)
[0603/131146.539:ERROR:process_memory_win.cc(73)] ReadMemory at 0x7fffed36e704 of 608 bytes failed: Only part of a ReadProcessMemory or WriteProcessMemory request was completed. (0x12B)
[0603/131146.539:ERROR:process_memory_win.cc(73)] ReadMemory at 0x7fffed3ff650 of 18 bytes failed: Only part of a ReadProcessMemory or WriteProcessMemory request was completed. (0x12B)
[0603/131146.539:ERROR:process_memory_win.cc(73)] ReadMemory at 0x7fffed4334f8 of 40 bytes failed: Only part of a ReadProcessMemory or WriteProcessMemory request was completed. (0x12B)
[0603/131146.540:ERROR:process_memory_win.cc(73)] ReadMemory at 0x7fffed433560 of 48 bytes failed: Only part of a ReadProcessMemory or WriteProcessMemory request was completed. (0x12B)
[0603/131146.540:ERROR:process_memory_win.cc(73)] ReadMemory at 0x7fffed433978 of 48 bytes failed: Only part of a ReadProcessMemory or WriteProcessMemory request was completed. (0x12B)
[0603/131146.540:ERROR:process_memory_win.cc(73)] ReadMemory at 0x7fffed437ce0 of 40 bytes failed: Only part of a ReadProcessMemory or WriteProcessMemory request was completed. (0x12B)
[0603/131146.540:ERROR:process_memory_win.cc(73)] ReadMemory at 0x7fffed437e40 of 192 bytes failed: Only part of a ReadProcessMemory or WriteProcessMemory request was completed. (0x12B)
[0603/131146.540:ERROR:process_memory_win.cc(73)] ReadMemory at 0x7fffed437f30 of 144 bytes failed: Only part of a ReadProcessMemory or WriteProcessMemory request was completed. (0x12B)
[0603/131146.540:ERROR:process_memory_win.cc(73)] ReadMemory at 0x7fffed4394c0 of 64 bytes failed: Only part of a ReadProcessMemory or WriteProcessMemory request was completed. (0x12B)
[0603/131146.543:ERROR:scoped_process_suspend.cc(40)] NtResumeProcess: An attempt was made to access an exiting process. (0xc000010a)
